android/app/build/intermediates/manifest_merge_blame_file/debug/manifest-merger-blame-debug-report.txt
1<?xml version="1.0" encoding="utf-8"?>
2<manifest xmlns:android="http://schemas.android.com/apk/res/android"
3    package="com.envolve"
4    android:versionCode="1"
5    android:versionName="1.0" >
6
7    <uses-sdk
8        android:minSdkVersion="21"
9        android:targetSdkVersion="29" />
10
11    <uses-permission android:name="android.permission.SYSTEM_ALERT_WINDOW" />
11-->src\debug\AndroidManifest.xml:5:5-77
11-->src\debug\AndroidManifest.xml:5:22-75
12    <uses-permission android:name="android.permission.INTERNET" />
12-->src\main\AndroidManifest.xml:4:5-67
12-->src\main\AndroidManifest.xml:4:22-64
13    <uses-permission android:name="android.permission.CAMERA" />
13-->src\main\AndroidManifest.xml:5:5-65
13-->src\main\AndroidManifest.xml:5:22-62
14    <uses-permission android:name="android.permission.WRITE_EXTERNAL_STORAGE" /> <!-- Define ACCESS_FINE_LOCATION if you will use enableHighAccuracy=true -->
14-->src\main\AndroidManifest.xml:6:5-81
14-->src\main\AndroidManifest.xml:6:22-78
15    <uses-permission android:name="android.permission.ACCESS_FINE_LOCATION" /> <!-- Define ACCESS_COARSE_LOCATION if you will use enableHighAccuracy=false -->
15-->src\main\AndroidManifest.xml:8:5-78
15-->src\main\AndroidManifest.xml:8:22-76
16    <uses-permission android:name="android.permission.ACCESS_COARSE_LOCATION" />
16-->src\main\AndroidManifest.xml:11:5-80
16-->src\main\AndroidManifest.xml:11:22-78
17    <uses-permission android:name="android.permission.ACCESS_WIFI_STATE" /> <!-- Required to access Google Play Licensing -->
17-->[com.facebook.flipper:flipper:0.54.0] AndroidManifest.xml:16:5-76
17-->[com.facebook.flipper:flipper:0.54.0] AndroidManifest.xml:16:22-73
18    <uses-permission android:name="com.android.vending.CHECK_LICENSE" />
18-->[:rn-fetch-blob] AndroidManifest.xml:12:5-73
18-->[:rn-fetch-blob] AndroidManifest.xml:12:22-70
19    <!--
20         Required to keep CPU alive while downloading files
21        (NOT to keep screen awake)
22    -->
23    <uses-permission android:name="android.permission.WAKE_LOCK" />
23-->[:rn-fetch-blob] AndroidManifest.xml:21:5-68
23-->[:rn-fetch-blob] AndroidManifest.xml:21:22-65
24    <!--
25         Required to poll the state of the network connection
26        and respond to changes
27    -->
28    <uses-permission android:name="android.permission.ACCESS_NETWORK_STATE" />
28-->[:rn-fetch-blob] AndroidManifest.xml:27:5-79
28-->[:rn-fetch-blob] AndroidManifest.xml:27:22-76
29
30    <application
30-->src\main\AndroidManifest.xml:13:5-32:19
31        android:name="com.envolve.MainApplication"
31-->src\main\AndroidManifest.xml:14:7-38
32        android:allowBackup="false"
32-->src\main\AndroidManifest.xml:18:7-34
33        android:appComponentFactory="androidx.core.app.CoreComponentFactory"
33-->[androidx.core:core:1.3.1] AndroidManifest.xml:24:18-86
34        android:debuggable="true"
35        android:icon="@mipmap/ic_launcher"
35-->src\main\AndroidManifest.xml:16:7-41
36        android:label="@string/app_name"
36-->src\main\AndroidManifest.xml:15:7-39
37        android:roundIcon="@mipmap/ic_launcher_round"
37-->src\main\AndroidManifest.xml:17:7-52
38        android:theme="@style/AppTheme"
38-->src\main\AndroidManifest.xml:19:7-38
39        android:usesCleartextTraffic="true" >
39-->src\debug\AndroidManifest.xml:7:18-53
40        <activity
40-->src\main\AndroidManifest.xml:20:7-30:18
41            android:name="com.envolve.MainActivity"
41-->src\main\AndroidManifest.xml:21:9-37
42            android:configChanges="keyboard|keyboardHidden|orientation|screenSize|uiMode"
42-->src\main\AndroidManifest.xml:23:9-86
43            android:label="@string/app_name"
43-->src\main\AndroidManifest.xml:22:9-41
44            android:launchMode="singleTask"
44-->src\main\AndroidManifest.xml:24:9-40
45            android:windowSoftInputMode="adjustResize" >
45-->src\main\AndroidManifest.xml:25:9-51
46            <intent-filter>
46-->src\main\AndroidManifest.xml:26:9-29:25
47                <action android:name="android.intent.action.MAIN" />
47-->src\main\AndroidManifest.xml:27:13-65
47-->src\main\AndroidManifest.xml:27:21-62
48
49                <category android:name="android.intent.category.LAUNCHER" />
49-->src\main\AndroidManifest.xml:28:13-73
49-->src\main\AndroidManifest.xml:28:23-70
50            </intent-filter>
51        </activity>
52        <activity android:name="com.facebook.react.devsupport.DevSettingsActivity" />
52-->src\main\AndroidManifest.xml:31:7-84
52-->src\main\AndroidManifest.xml:31:17-81
53
54        <provider
54-->[:react-native-image-picker] AndroidManifest.xml:12:9-20:20
55            android:name="com.imagepicker.ImagePickerProvider"
55-->[:react-native-image-picker] AndroidManifest.xml:13:13-63
56            android:authorities="com.envolve.imagepickerprovider"
56-->[:react-native-image-picker] AndroidManifest.xml:14:13-71
57            android:exported="false"
57-->[:react-native-image-picker] AndroidManifest.xml:15:13-37
58            android:grantUriPermissions="true" >
58-->[:react-native-image-picker] AndroidManifest.xml:16:13-47
59            <meta-data
59-->[:react-native-image-picker] AndroidManifest.xml:17:13-19:70
60                android:name="android.support.FILE_PROVIDER_PATHS"
60-->[:react-native-image-picker] AndroidManifest.xml:18:17-67
61                android:resource="@xml/imagepicker_provider_paths" />
61-->[:react-native-image-picker] AndroidManifest.xml:19:17-67
62        </provider>
63        <provider
63-->[:rn-fetch-blob] AndroidManifest.xml:36:9-44:20
64            android:name="com.RNFetchBlob.Utils.FileProvider"
64-->[:rn-fetch-blob] AndroidManifest.xml:37:13-62
65            android:authorities="com.envolve.provider"
65-->[:rn-fetch-blob] AndroidManifest.xml:38:13-60
66            android:exported="false"
66-->[:rn-fetch-blob] AndroidManifest.xml:39:13-37
67            android:grantUriPermissions="true" >
67-->[:rn-fetch-blob] AndroidManifest.xml:40:13-47
68            <meta-data
68-->[:react-native-image-picker] AndroidManifest.xml:17:13-19:70
69                android:name="android.support.FILE_PROVIDER_PATHS"
69-->[:react-native-image-picker] AndroidManifest.xml:18:17-67
70                android:resource="@xml/provider_paths" />
70-->[:react-native-image-picker] AndroidManifest.xml:19:17-67
71        </provider>
72    </application>
73
74</manifest>